<?xml version="1.0" encoding="UTF-8"?>
<testng-results ignored="0" total="1" passed="1" failed="0" skipped="0">
  <reporter-output>
  </reporter-output>
  <suite started-at="2022-11-02T18:19:09 IST" name="Default suite" finished-at="2022-11-02T18:19:11 IST" duration-ms="2124">
    <groups>
    </groups>
    <test started-at="2022-11-02T18:19:09 IST" name="Default test" finished-at="2022-11-02T18:19:11 IST" duration-ms="2124">
      <class name="GoRest.GetRequest">
        <test-method signature="getR()[pri:0, instance:GoRest.GetRequest@61c4eee0]" started-at="2022-11-02T18:19:09 IST" name="getR" finished-at="2022-11-02T18:19:11 IST" duration-ms="2068" status="PASS">
          <reporter-output>
          </reporter-output>
        </test-method> <!-- getR -->
      </class> <!-- GoRest.GetRequest -->
    </test> <!-- Default test -->
  </suite> <!-- Default suite -->
</testng-results>
